<?xml version="1.0" encoding="UTF-8"?>
<testng-results ignored="0" total="0" passed="0" failed="0" skipped="0">
  <reporter-output>
  </reporter-output>
  <suite started-at="2023-06-11T21:26:33 EDT" name="CalculatorTest" finished-at="2023-06-11T21:26:33 EDT" duration-ms="16">
    <groups>
    </groups>
    <test started-at="2023-06-11T21:26:33 EDT" name="Command line test" finished-at="2023-06-11T21:26:33 EDT" duration-ms="16">
    </test> <!-- Command line test -->
  </suite> <!-- CalculatorTest -->
</testng-results>
